
                           Design Compiler Graphical 
                                 DC Ultra (TM)
                                  DFTMAX (TM)
                              Power Compiler (TM)
                                 DesignWare (R)
                                 DC Expert (TM)
                               Design Vision (TM)
                               HDL Compiler (TM)
                               VHDL Compiler (TM)
                                  DFT Compiler
                               Design Compiler(R)

               Version N-2017.09-SP3 for linux64 - Jan 18, 2018 

                    Copyright (c) 1988 - 2018 Synopsys, Inc.
   This software and the associated documentation are proprietary to Synopsys,
 Inc. This software may only be used in accordance with the terms and conditions
 of a written license agreement with Synopsys, Inc. All other use, reproduction,
            or distribution of this software is strictly prohibited.
Initializing...

 ┌────────────────────────────────────────────────────────────────────────────┐ 
 │                                                                            │ 
 │               Provided by EUROPRACTICE DESIGN TOOLS service.               │ 
 │                             (2017/18 Release)                              │ 
 │                                                                            │ 
 │ For details of additional EDA design tools, design flows, training         │ 
 │ technical support please contact the Microelectronics Support Centre.      │ 
 │                                                                            │ 
 │                      Microelectronics Support Centre                       │ 
 │                 Science and Technology Facilities Council                  │ 
 │                       Rutherford Appleton Laboratory                       │ 
 │                               Harwell Oxford                               │ 
 │                                Oxfordshire                                 │ 
 │                                 OX11 0QX                                   │ 
 │                               United Kingdom                               │ 
 │                                                                            │ 
 │                              +44 1235 445327                               │ 
 │                     MicroelectronicsCentre@stfc.ac.uk                      │ 
 │                        wwww.europractice.stfc.ac.uk                        │ 
 │                                                                            │ 
 └────────────────────────────────────────────────────────────────────────────┘ 

set mydesign c7552
c7552
remove_design -all
1
analyze -f verilog ${mydesign}.v
Running PRESTO HDLC
Compiling source file ./c7552.v
Presto compilation completed successfully.
Loading db file '/localdisk/libraries/UMCL18U250D2_2.4/design_compiler/umcl18u250t2_wc.db'
1
elaborate $mydesign
Loading db file '/eda/synopsys/2017-18/RHELx86/SYN_2017.09-SP3/libraries/syn/gtech.db'
Loading db file '/eda/synopsys/2017-18/RHELx86/SYN_2017.09-SP3/libraries/syn/standard.sldb'
Warning: The library named umcl18u250t2_wc specifies a very small trip-point value (0). (TIM-163)
Warning: The library named umcl18u250t2_wc specifies a very small trip-point value (0). (TIM-163)
  Loading link library 'umcl18u250t2_wc'
  Loading link library 'gtech'
Running PRESTO HDLC
Presto compilation completed successfully.
Elaborated 1 design.
Current design is now 'c7552'.
1
current_design $mydesign
Current design is 'c7552'.
{c7552}
create_clock -period 8  -name clk
Warning: Creating virtual clock named 'clk' with no sources. (UID-348)
1
set_clock_latency    2  clk
1
set_input_delay      2 -clock clk [remove_from_collection [all_inputs] clk]
Warning: Nothing implicitly matched 'clk' (SEL-003)
1
set_output_delay     2 -clock clk [all_outputs]
1
set_driving_cell -library umcl18u250t2_wc -lib_cell INVD1 [remove_from_collection [all_inputs] clk]
Warning: Nothing implicitly matched 'clk' (SEL-003)
Warning: Design rule attributes from the driving cell will be
	set on the port. (UID-401)
Warning: Design rule attributes from the driving cell will be
	set on the port. (UID-401)
Warning: Design rule attributes from the driving cell will be
	set on the port. (UID-401)
Warning: Design rule attributes from the driving cell will be
	set on the port. (UID-401)
Warning: Design rule attributes from the driving cell will be
	set on the port. (UID-401)
Warning: Design rule attributes from the driving cell will be
	set on the port. (UID-401)
Warning: Design rule attributes from the driving cell will be
	set on the port. (UID-401)
Warning: Design rule attributes from the driving cell will be
	set on the port. (UID-401)
Warning: Design rule attributes from the driving cell will be
	set on the port. (UID-401)
Warning: Design rule attributes from the driving cell will be
	set on the port. (UID-401)
Warning: Design rule attributes from the driving cell will be
	set on the port. (UID-401)
Warning: Design rule attributes from the driving cell will be
	set on the port. (UID-401)
Warning: Design rule attributes from the driving cell will be
	set on the port. (UID-401)
Warning: Design rule attributes from the driving cell will be
	set on the port. (UID-401)
Warning: Design rule attributes from the driving cell will be
	set on the port. (UID-401)
Warning: Design rule attributes from the driving cell will be
	set on the port. (UID-401)
Warning: Design rule attributes from the driving cell will be
	set on the port. (UID-401)
Warning: Design rule attributes from the driving cell will be
	set on the port. (UID-401)
Warning: Design rule attributes from the driving cell will be
	set on the port. (UID-401)
Warning: Design rule attributes from the driving cell will be
	set on the port. (UID-401)
Warning: Design rule attributes from the driving cell will be
	set on the port. (UID-401)
Warning: Design rule attributes from the driving cell will be
	set on the port. (UID-401)
Warning: Design rule attributes from the driving cell will be
	set on the port. (UID-401)
Warning: Design rule attributes from the driving cell will be
	set on the port. (UID-401)
Warning: Design rule attributes from the driving cell will be
	set on the port. (UID-401)
Warning: Design rule attributes from the driving cell will be
	set on the port. (UID-401)
Warning: Design rule attributes from the driving cell will be
	set on the port. (UID-401)
Warning: Design rule attributes from the driving cell will be
	set on the port. (UID-401)
Warning: Design rule attributes from the driving cell will be
	set on the port. (UID-401)
Warning: Design rule attributes from the driving cell will be
	set on the port. (UID-401)
Warning: Design rule attributes from the driving cell will be
	set on the port. (UID-401)
Warning: Design rule attributes from the driving cell will be
	set on the port. (UID-401)
Warning: Design rule attributes from the driving cell will be
	set on the port. (UID-401)
Warning: Design rule attributes from the driving cell will be
	set on the port. (UID-401)
Warning: Design rule attributes from the driving cell will be
	set on the port. (UID-401)
Warning: Design rule attributes from the driving cell will be
	set on the port. (UID-401)
Warning: Design rule attributes from the driving cell will be
	set on the port. (UID-401)
Warning: Design rule attributes from the driving cell will be
	set on the port. (UID-401)
Warning: Design rule attributes from the driving cell will be
	set on the port. (UID-401)
Warning: Design rule attributes from the driving cell will be
	set on the port. (UID-401)
Warning: Design rule attributes from the driving cell will be
	set on the port. (UID-401)
Warning: Design rule attributes from the driving cell will be
	set on the port. (UID-401)
Warning: Design rule attributes from the driving cell will be
	set on the port. (UID-401)
Warning: Design rule attributes from the driving cell will be
	set on the port. (UID-401)
Warning: Design rule attributes from the driving cell will be
	set on the port. (UID-401)
Warning: Design rule attributes from the driving cell will be
	set on the port. (UID-401)
Warning: Design rule attributes from the driving cell will be
	set on the port. (UID-401)
Warning: Design rule attributes from the driving cell will be
	set on the port. (UID-401)
Warning: Design rule attributes from the driving cell will be
	set on the port. (UID-401)
Warning: Design rule attributes from the driving cell will be
	set on the port. (UID-401)
Warning: Design rule attributes from the driving cell will be
	set on the port. (UID-401)
Warning: Design rule attributes from the driving cell will be
	set on the port. (UID-401)
Warning: Design rule attributes from the driving cell will be
	set on the port. (UID-401)
Warning: Design rule attributes from the driving cell will be
	set on the port. (UID-401)
Warning: Design rule attributes from the driving cell will be
	set on the port. (UID-401)
Warning: Design rule attributes from the driving cell will be
	set on the port. (UID-401)
Warning: Design rule attributes from the driving cell will be
	set on the port. (UID-401)
Warning: Design rule attributes from the driving cell will be
	set on the port. (UID-401)
Warning: Design rule attributes from the driving cell will be
	set on the port. (UID-401)
Warning: Design rule attributes from the driving cell will be
	set on the port. (UID-401)
Warning: Design rule attributes from the driving cell will be
	set on the port. (UID-401)
Warning: Design rule attributes from the driving cell will be
	set on the port. (UID-401)
Warning: Design rule attributes from the driving cell will be
	set on the port. (UID-401)
Warning: Design rule attributes from the driving cell will be
	set on the port. (UID-401)
Warning: Design rule attributes from the driving cell will be
	set on the port. (UID-401)
Warning: Design rule attributes from the driving cell will be
	set on the port. (UID-401)
Warning: Design rule attributes from the driving cell will be
	set on the port. (UID-401)
Warning: Design rule attributes from the driving cell will be
	set on the port. (UID-401)
Warning: Design rule attributes from the driving cell will be
	set on the port. (UID-401)
Warning: Design rule attributes from the driving cell will be
	set on the port. (UID-401)
Warning: Design rule attributes from the driving cell will be
	set on the port. (UID-401)
Warning: Design rule attributes from the driving cell will be
	set on the port. (UID-401)
Warning: Design rule attributes from the driving cell will be
	set on the port. (UID-401)
Warning: Design rule attributes from the driving cell will be
	set on the port. (UID-401)
Warning: Design rule attributes from the driving cell will be
	set on the port. (UID-401)
Warning: Design rule attributes from the driving cell will be
	set on the port. (UID-401)
Warning: Design rule attributes from the driving cell will be
	set on the port. (UID-401)
Warning: Design rule attributes from the driving cell will be
	set on the port. (UID-401)
Warning: Design rule attributes from the driving cell will be
	set on the port. (UID-401)
Warning: Design rule attributes from the driving cell will be
	set on the port. (UID-401)
Warning: Design rule attributes from the driving cell will be
	set on the port. (UID-401)
Warning: Design rule attributes from the driving cell will be
	set on the port. (UID-401)
Warning: Design rule attributes from the driving cell will be
	set on the port. (UID-401)
Warning: Design rule attributes from the driving cell will be
	set on the port. (UID-401)
Warning: Design rule attributes from the driving cell will be
	set on the port. (UID-401)
Warning: Design rule attributes from the driving cell will be
	set on the port. (UID-401)
Warning: Design rule attributes from the driving cell will be
	set on the port. (UID-401)
Warning: Design rule attributes from the driving cell will be
	set on the port. (UID-401)
Warning: Design rule attributes from the driving cell will be
	set on the port. (UID-401)
Warning: Design rule attributes from the driving cell will be
	set on the port. (UID-401)
Warning: Design rule attributes from the driving cell will be
	set on the port. (UID-401)
Warning: Design rule attributes from the driving cell will be
	set on the port. (UID-401)
Warning: Design rule attributes from the driving cell will be
	set on the port. (UID-401)
Warning: Design rule attributes from the driving cell will be
	set on the port. (UID-401)
Warning: Design rule attributes from the driving cell will be
	set on the port. (UID-401)
Warning: Design rule attributes from the driving cell will be
	set on the port. (UID-401)
Warning: Design rule attributes from the driving cell will be
	set on the port. (UID-401)
Warning: Design rule attributes from the driving cell will be
	set on the port. (UID-401)
Warning: Design rule attributes from the driving cell will be
	set on the port. (UID-401)
Warning: Design rule attributes from the driving cell will be
	set on the port. (UID-401)
Warning: Design rule attributes from the driving cell will be
	set on the port. (UID-401)
Warning: Design rule attributes from the driving cell will be
	set on the port. (UID-401)
Warning: Design rule attributes from the driving cell will be
	set on the port. (UID-401)
Warning: Design rule attributes from the driving cell will be
	set on the port. (UID-401)
Warning: Design rule attributes from the driving cell will be
	set on the port. (UID-401)
Warning: Design rule attributes from the driving cell will be
	set on the port. (UID-401)
Warning: Design rule attributes from the driving cell will be
	set on the port. (UID-401)
Warning: Design rule attributes from the driving cell will be
	set on the port. (UID-401)
Warning: Design rule attributes from the driving cell will be
	set on the port. (UID-401)
Warning: Design rule attributes from the driving cell will be
	set on the port. (UID-401)
Warning: Design rule attributes from the driving cell will be
	set on the port. (UID-401)
Warning: Design rule attributes from the driving cell will be
	set on the port. (UID-401)
Warning: Design rule attributes from the driving cell will be
	set on the port. (UID-401)
Warning: Design rule attributes from the driving cell will be
	set on the port. (UID-401)
Warning: Design rule attributes from the driving cell will be
	set on the port. (UID-401)
Warning: Design rule attributes from the driving cell will be
	set on the port. (UID-401)
Warning: Design rule attributes from the driving cell will be
	set on the port. (UID-401)
Warning: Design rule attributes from the driving cell will be
	set on the port. (UID-401)
Warning: Design rule attributes from the driving cell will be
	set on the port. (UID-401)
Warning: Design rule attributes from the driving cell will be
	set on the port. (UID-401)
Warning: Design rule attributes from the driving cell will be
	set on the port. (UID-401)
Warning: Design rule attributes from the driving cell will be
	set on the port. (UID-401)
Warning: Design rule attributes from the driving cell will be
	set on the port. (UID-401)
Warning: Design rule attributes from the driving cell will be
	set on the port. (UID-401)
Warning: Design rule attributes from the driving cell will be
	set on the port. (UID-401)
Warning: Design rule attributes from the driving cell will be
	set on the port. (UID-401)
Warning: Design rule attributes from the driving cell will be
	set on the port. (UID-401)
Warning: Design rule attributes from the driving cell will be
	set on the port. (UID-401)
Warning: Design rule attributes from the driving cell will be
	set on the port. (UID-401)
Warning: Design rule attributes from the driving cell will be
	set on the port. (UID-401)
Warning: Design rule attributes from the driving cell will be
	set on the port. (UID-401)
Warning: Design rule attributes from the driving cell will be
	set on the port. (UID-401)
Warning: Design rule attributes from the driving cell will be
	set on the port. (UID-401)
Warning: Design rule attributes from the driving cell will be
	set on the port. (UID-401)
Warning: Design rule attributes from the driving cell will be
	set on the port. (UID-401)
Warning: Design rule attributes from the driving cell will be
	set on the port. (UID-401)
Warning: Design rule attributes from the driving cell will be
	set on the port. (UID-401)
Warning: Design rule attributes from the driving cell will be
	set on the port. (UID-401)
Warning: Design rule attributes from the driving cell will be
	set on the port. (UID-401)
Warning: Design rule attributes from the driving cell will be
	set on the port. (UID-401)
Warning: Design rule attributes from the driving cell will be
	set on the port. (UID-401)
Warning: Design rule attributes from the driving cell will be
	set on the port. (UID-401)
Warning: Design rule attributes from the driving cell will be
	set on the port. (UID-401)
Warning: Design rule attributes from the driving cell will be
	set on the port. (UID-401)
Warning: Design rule attributes from the driving cell will be
	set on the port. (UID-401)
Warning: Design rule attributes from the driving cell will be
	set on the port. (UID-401)
Warning: Design rule attributes from the driving cell will be
	set on the port. (UID-401)
Warning: Design rule attributes from the driving cell will be
	set on the port. (UID-401)
Warning: Design rule attributes from the driving cell will be
	set on the port. (UID-401)
Warning: Design rule attributes from the driving cell will be
	set on the port. (UID-401)
Warning: Design rule attributes from the driving cell will be
	set on the port. (UID-401)
Warning: Design rule attributes from the driving cell will be
	set on the port. (UID-401)
Warning: Design rule attributes from the driving cell will be
	set on the port. (UID-401)
Warning: Design rule attributes from the driving cell will be
	set on the port. (UID-401)
Warning: Design rule attributes from the driving cell will be
	set on the port. (UID-401)
Warning: Design rule attributes from the driving cell will be
	set on the port. (UID-401)
Warning: Design rule attributes from the driving cell will be
	set on the port. (UID-401)
Warning: Design rule attributes from the driving cell will be
	set on the port. (UID-401)
Warning: Design rule attributes from the driving cell will be
	set on the port. (UID-401)
Warning: Design rule attributes from the driving cell will be
	set on the port. (UID-401)
Warning: Design rule attributes from the driving cell will be
	set on the port. (UID-401)
Warning: Design rule attributes from the driving cell will be
	set on the port. (UID-401)
Warning: Design rule attributes from the driving cell will be
	set on the port. (UID-401)
Warning: Design rule attributes from the driving cell will be
	set on the port. (UID-401)
Warning: Design rule attributes from the driving cell will be
	set on the port. (UID-401)
Warning: Design rule attributes from the driving cell will be
	set on the port. (UID-401)
Warning: Design rule attributes from the driving cell will be
	set on the port. (UID-401)
Warning: Design rule attributes from the driving cell will be
	set on the port. (UID-401)
Warning: Design rule attributes from the driving cell will be
	set on the port. (UID-401)
Warning: Design rule attributes from the driving cell will be
	set on the port. (UID-401)
Warning: Design rule attributes from the driving cell will be
	set on the port. (UID-401)
Warning: Design rule attributes from the driving cell will be
	set on the port. (UID-401)
Warning: Design rule attributes from the driving cell will be
	set on the port. (UID-401)
Warning: Design rule attributes from the driving cell will be
	set on the port. (UID-401)
Warning: Design rule attributes from the driving cell will be
	set on the port. (UID-401)
Warning: Design rule attributes from the driving cell will be
	set on the port. (UID-401)
Warning: Design rule attributes from the driving cell will be
	set on the port. (UID-401)
Warning: Design rule attributes from the driving cell will be
	set on the port. (UID-401)
Warning: Design rule attributes from the driving cell will be
	set on the port. (UID-401)
Warning: Design rule attributes from the driving cell will be
	set on the port. (UID-401)
Warning: Design rule attributes from the driving cell will be
	set on the port. (UID-401)
Warning: Design rule attributes from the driving cell will be
	set on the port. (UID-401)
Warning: Design rule attributes from the driving cell will be
	set on the port. (UID-401)
Warning: Design rule attributes from the driving cell will be
	set on the port. (UID-401)
Warning: Design rule attributes from the driving cell will be
	set on the port. (UID-401)
Warning: Design rule attributes from the driving cell will be
	set on the port. (UID-401)
Warning: Design rule attributes from the driving cell will be
	set on the port. (UID-401)
Warning: Design rule attributes from the driving cell will be
	set on the port. (UID-401)
Warning: Design rule attributes from the driving cell will be
	set on the port. (UID-401)
Warning: Design rule attributes from the driving cell will be
	set on the port. (UID-401)
Warning: Design rule attributes from the driving cell will be
	set on the port. (UID-401)
Warning: Design rule attributes from the driving cell will be
	set on the port. (UID-401)
Warning: Design rule attributes from the driving cell will be
	set on the port. (UID-401)
Warning: Design rule attributes from the driving cell will be
	set on the port. (UID-401)
Warning: Design rule attributes from the driving cell will be
	set on the port. (UID-401)
Warning: Design rule attributes from the driving cell will be
	set on the port. (UID-401)
Warning: Design rule attributes from the driving cell will be
	set on the port. (UID-401)
Warning: Design rule attributes from the driving cell will be
	set on the port. (UID-401)
Warning: Design rule attributes from the driving cell will be
	set on the port. (UID-401)
Warning: Design rule attributes from the driving cell will be
	set on the port. (UID-401)
Warning: Design rule attributes from the driving cell will be
	set on the port. (UID-401)
Warning: Design rule attributes from the driving cell will be
	set on the port. (UID-401)
Warning: Design rule attributes from the driving cell will be
	set on the port. (UID-401)
Warning: Design rule attributes from the driving cell will be
	set on the port. (UID-401)
Warning: Design rule attributes from the driving cell will be
	set on the port. (UID-401)
Warning: Design rule attributes from the driving cell will be
	set on the port. (UID-401)
Warning: Design rule attributes from the driving cell will be
	set on the port. (UID-401)
1
set_load 0.1 [all_outputs]
1
set_max_fanout 8 [all_inputs]
1
set_fanout_load 8 [all_outputs]
1
set_max_area 0
1
compile
Information: Evaluating DesignWare library utilization. (UISN-27)

============================================================================
| DesignWare Building Block Library  |         Version         | Available |
============================================================================
| Basic DW Building Blocks           | N-2017.09-DWBB_201709.3 |     *     |
| Licensed DW Building Blocks        |                         |           |
============================================================================


Information: There are 52 potential problems in your design. Please run 'check_design' for more information. (LINT-99)



  Beginning Pass 1 Mapping
  ------------------------
  Processing 'c7552'

  Updating timing information
Information: Updating design information... (UID-85)

  Beginning Mapping Optimizations  (Medium effort)
  -------------------------------

                                  TOTAL                                      
   ELAPSED            WORST NEG   SETUP    DESIGN                            
    TIME      AREA      SLACK     COST    RULE COST         ENDPOINT         
  --------- --------- --------- --------- --------- -------------------------
    0:00:04   27718.9      0.00       0.0      91.0                          
    0:00:04   27718.9      0.00       0.0      91.0                          
    0:00:04   27718.9      0.00       0.0      91.0                          
    0:00:04   27718.9      0.00       0.0      91.0                          
    0:00:04   27718.9      0.00       0.0      91.0                          
    0:00:05   18213.6      0.67       4.8      91.0                          
    0:00:05   18526.6      0.41       1.3      91.0                          
    0:00:05   18502.3      0.23       0.5      91.0                          
    0:00:06   18412.8      0.13       0.1      91.0                          
    0:00:06   18412.8      0.24       0.9      91.0                          
    0:00:06   18567.3      0.00       0.0      91.0                          
    0:00:06   18534.8      0.00       0.0      91.0                          
    0:00:06   18518.5      0.00       0.0      91.0                          
    0:00:06   18449.4      0.02       0.0      91.0                          
    0:00:07   18461.6      0.01       0.0      91.0                          
    0:00:07   18482.0      0.00       0.0      91.0                          
    0:00:07   18482.0      0.00       0.0      91.0                          
    0:00:07   18482.0      0.00       0.0      91.0                          
    0:00:07   18482.0      0.00       0.0      91.0                          
    0:00:07   18482.0      0.00       0.0      91.0                          
    0:00:07   18482.0      0.00       0.0      91.0                          
    0:00:07   18482.0      0.00       0.0      91.0                          



  Beginning Delay Optimization Phase
  ----------------------------------

                                  TOTAL                                      
   ELAPSED            WORST NEG   SETUP    DESIGN                            
    TIME      AREA      SLACK     COST    RULE COST         ENDPOINT         
  --------- --------- --------- --------- --------- -------------------------
    0:00:07   18482.0      0.00       0.0      91.0                          
    0:00:07   18482.0      0.00       0.0      91.0                          
    0:00:07   18482.0      0.00       0.0      91.0                          


  Beginning Design Rule Fixing  (max_fanout)
  ----------------------------

                                  TOTAL                                      
   ELAPSED            WORST NEG   SETUP    DESIGN                            
    TIME      AREA      SLACK     COST    RULE COST         ENDPOINT         
  --------- --------- --------- --------- --------- -------------------------
    0:00:07   18482.0      0.00       0.0      91.0                          
    0:00:07   18986.0      0.00       0.0       7.0 N254                     
    0:00:07   19099.8      0.00       0.0       0.0                          


  Beginning Area-Recovery Phase  (max_area 0)
  -----------------------------

                                  TOTAL                                      
   ELAPSED            WORST NEG   SETUP    DESIGN                            
    TIME      AREA      SLACK     COST    RULE COST         ENDPOINT         
  --------- --------- --------- --------- --------- -------------------------
    0:00:07   19099.8      0.00       0.0       0.0                          
    0:00:07   19099.8      0.00       0.0       0.0                          
    0:00:07   19006.3      0.00       0.0       0.0                          
    0:00:07   18986.0      0.00       0.0       0.0                          
    0:00:07   18969.8      0.00       0.0       0.0                          
    0:00:07   18969.8      0.00       0.0       0.0                          
    0:00:07   18969.8      0.00       0.0       0.0                          
    0:00:07   18969.8      0.00       0.0       0.0                          
    0:00:07   18969.8      0.00       0.0       0.0                          
    0:00:07   18815.3      0.17       0.2       0.0                          
    0:00:07   18807.2      0.17       0.2       0.0                          
    0:00:07   18807.2      0.17       0.2       0.0                          
    0:00:07   18807.2      0.17       0.2       0.0                          
    0:00:07   18807.2      0.17       0.2       0.0                          
    0:00:07   18807.2      0.17       0.2       0.0                          
    0:00:07   18807.2      0.17       0.2       0.0                          
    0:00:08   18481.8      0.00       0.0       0.0                          
    0:00:08   18457.4      0.00       0.0       0.0                          
    0:00:08   18457.4      0.00       0.0       0.0                          
    0:00:08   18457.4      0.00       0.0       0.0                          
    0:00:08   18457.4      0.00       0.0       0.0                          
    0:00:08   18457.4      0.00       0.0       0.0                          
    0:00:08   18457.4      0.00       0.0       0.0                          
    0:00:08   18457.4      0.00       0.0       0.0                          
Loading db file '/localdisk/libraries/UMCL18U250D2_2.4/design_compiler/umcl18u250t2_wc.db'


Note: Symbol # after min delay cost means estimated hold TNS across all active scenarios 


  Optimization Complete
  ---------------------
1
check_design
 
****************************************
check_design summary:
Version:     N-2017.09-SP3
Date:        Fri Oct  1 02:09:35 2021
****************************************

                   Name                                            Total
--------------------------------------------------------------------------------
Inputs/Outputs                                                     13
    Feedthrough (LINT-29)                                           1
    Shorted outputs (LINT-31)                                      12
--------------------------------------------------------------------------------

Warning: In design 'c7552', input port 'N241_I' is connected directly to output port 'N241_O'. (LINT-29)
Warning: In design 'c7552', output port 'N387' is connected directly to output port 'N1490'. (LINT-31)
Warning: In design 'c7552', output port 'N387' is connected directly to output port 'N889'. (LINT-31)
Warning: In design 'c7552', output port 'N387' is connected directly to output port 'N388'. (LINT-31)
Warning: In design 'c7552', output port 'N582' is connected directly to output port 'N1114'. (LINT-31)
Warning: In design 'c7552', output port 'N582' is connected directly to output port 'N1111'. (LINT-31)
Warning: In design 'c7552', output port 'N1110' is connected directly to output port 'N1112'. (LINT-31)
Warning: In design 'c7552', output port 'N1113' is connected directly to output port 'N1489'. (LINT-31)
Warning: In design 'c7552', output port 'N10102' is connected directly to output port 'N10103'. (LINT-31)
Warning: In design 'c7552', output port 'N10102' is connected directly to output port 'N10628'. (LINT-31)
Warning: In design 'c7552', output port 'N10104' is connected directly to output port 'N10706'. (LINT-31)
Warning: In design 'c7552', output port 'N10837' is connected directly to output port 'N10838'. (LINT-31)
Warning: In design 'c7552', output port 'N10839' is connected directly to output port 'N10840'. (LINT-31)
1
report_constraint -all_violators
Information: Updating design information... (UID-85)
 
****************************************
Report : constraint
        -all_violators
Design : c7552
Version: N-2017.09-SP3
Date   : Fri Oct  1 02:09:36 2021
****************************************


   max_area

                             Required        Actual
   Design                      Area           Area           Slack
   -----------------------------------------------------------------
   c7552                        0.00       18457.44       -18457.44 (VIOLATED)


1
write -format verilog -hierarchy -output ${mydesign}_synth.v
Writing verilog file '/localdisk/users/gnta/vlsi_testing_lab2/exercise2/c7552_synth.v'.
Warning: Verilog 'assign' or 'tran' statements are written out. (VO-4)
1
write -format verilog -hierarchy -output ${mydesign}_synth.v
Writing verilog file '/localdisk/users/gnta/vlsi_testing_lab2/exercise2/c7552_synth.v'.
Warning: Verilog 'assign' or 'tran' statements are written out. (VO-4)
1
write_sdf ${mydesign}_synth.sdf
Information: Annotated 'cell' delays are assumed to include load delay. (UID-282)
Information: Writing timing information to file '/localdisk/users/gnta/vlsi_testing_lab2/exercise2/c7552_synth.sdf'. (WT-3)
1
write_sdc  ${mydesign}.sdc
1
exit
Thank you...
