WARNING:  file defined by STDMACROS environment variable was not found at:
          '/eda/synopsys/2017-18/RHELx86/SYN_2017.09-SP3/auxx/syn/stdmacros.dat'

WARNING:  User's Guide 'tmax_ug.pdf' missing or no read permission. Was expected at:
          '/eda/synopsys/2017-18/RHELx86/SYN_2017.09-SP3/doc/test/tmax/tmax_ug.pdf'

WARNING:  Test Pattern Validation Users Guide 'tpv_ug.pdf' missing or no read permission. Was expected at:
          '/eda/synopsys/2017-18/RHELx86/SYN_2017.09-SP3/doc/test/tpv_ug.pdf'

                                  TetraMAX(R) 


               Version N-2017.09-SP3 for linux64 - Jan 18, 2018  

                    Copyright (c) 1996 - 2018 Synopsys, Inc.
   This software and the associated documentation are proprietary to Synopsys,
 Inc. This software may only be used in accordance with the terms and conditions
 of a written license agreement with Synopsys, Inc. All other use, reproduction,
            or distribution of this software is strictly prohibited.


read netlist c7552_synth.v
 Begin reading netlist ( c7552_synth.v )...
 End parsing Verilog file c7552_synth.v with 0 errors.
 End reading netlist: #modules=72, top=c7552, #lines=1077, CPU_time=0.01 sec, Memory=0MB
read netlist $UMC_LIB/verilog_simulation_models/*.v
 Begin reading netlists ( $UMC_LIB/verilog_simulation_models/*.v )...
 End reading netlists: #files=506, #errors=0, #modules=459, top=NOR4M2D4, #lines=29130, CPU_time=0.25 sec, Memory=11MB
run build_model c7552
 ------------------------------------------------------------------------------
 Begin build model for topcut = c7552 ...
 ------------------------------------------------------------------------------
 There were 103 primitives and 0 faultable pins removed during model optimizations
 End build model: #primitives=1633, CPU_time=0.01 sec, Memory=1MB
 ------------------------------------------------------------------------------
 Begin learning analyses...
 End learning analyses, total learning CPU time=0.02 sec.
 ------------------------------------------------------------------------------

run drc
 ------------------------------------------------------------------------------
 Begin scan design rules checking...
 ------------------------------------------------------------------------------
 Begin simulating test protocol procedures...
 Test protocol simulation completed, CPU time=0.00 sec.
 ------------------------------------------------------------------------------
 Begin scan chain operation checking...
 Scan chain operation checking completed, CPU time=0.00 sec.
 ------------------------------------------------------------------------------
 Begin nonscan rules checking...
 Nonscan cell summary: #DFF=0  #DLAT=0  #RAM_outs=0  tla_usage_type=none
 Nonscan rules checking completed, CPU time=0.00 sec.
 ------------------------------------------------------------------------------
 Begin DRC dependent learning...
 Fast-sequential depth results: control=0(0), observe=0(0), detect=0(0), CPU time=0.00 sec
 DRC dependent learning completed, CPU time=0.00 sec.
 ------------------------------------------------------------------------------
 DRC Summary Report
 ------------------------------------------------------------------------------
 No violations occurred during DRC process.
 Design rules checking was successful, total CPU time=0.00 sec.
 ------------------------------------------------------------------------------



read faults not_detected_faults.dat
 468 faults were read in and 468 new faults were added to fault list.
set pattern internal


run atpg
 ATPG performed for stuck fault model using internal pattern source.
 ----------------------------------------------------------
 #patterns     #faults     #ATPG faults  test      process
 stored     detect/active  red/au/abort  coverage  CPU time
 ---------  -------------  ------------  --------  --------
 Begin deterministic ATPG: #uncollapsed_faults=468, abort_limit=10...
 29            267    201         0/0/0    57.05%      0.00
 59             99    102         0/0/0    78.21%      0.01
 88             77     25         0/0/0    94.66%      0.02
 110            25      0         0/0/0   100.00%      0.02
 
     Uncollapsed Stuck Fault Summary Report
 -----------------------------------------------
 fault class                     code   #faults
 ------------------------------  ----  ---------
 Detected                         DT        468
 Possibly detected                PT          0
 Undetectable                     UD          0
 ATPG untestable                  AU          0
 Not detected                     ND          0
 -----------------------------------------------
 total faults                               468
 test coverage                           100.00%
 -----------------------------------------------
            Pattern Summary Report
 -----------------------------------------------
 #internal patterns                         110
     #basic_scan patterns                   110
 -----------------------------------------------
write patterns myvectors.vec -format Wgl -nocompaction -replace
 End writing file 'myvectors.vec' with 110 patterns, File_size = 177359, CPU_time = 0.1 sec.
set pattern external myvectors.vec
 End parsing WGL file myvectors.vec with 0 errors;
 End reading 110 patterns, CPU_time = 0.01 sec, Memory = 0MB

run fault_sim
 119           468      0   100.00%      0.15

TEST>  Warning: Current external pattern set is now deleted. (M134)
 End parsing WGL file myvectors.vec with 0 errors;
 End reading 110 patterns, CPU_time = 0.01 sec, Memory = 0MB

TEST>  119           468      0   100.00%      0.16

TEST>      Uncollapsed Stuck Fault Summary Report
 -----------------------------------------------
 fault class                     code   #faults
 ------------------------------  ----  ---------
 Detected                         DT        468
 Possibly detected                PT          0
 Undetectable                     UD          0
 ATPG untestable                  AU          0
 Not detected                     ND          0
 -----------------------------------------------
 total faults                               468
 test coverage                           100.00%
 -----------------------------------------------
            Pattern Summary Report
 -----------------------------------------------
 #internal patterns                         110
     #basic_scan patterns                   110
 #external patterns (myvectors.vec)         110
     #basic_scan patterns                   110
 -----------------------------------------------

TEST> 