WARNING:  file defined by STDMACROS environment variable was not found at:
          '/eda/synopsys/2017-18/RHELx86/SYN_2017.09-SP3/auxx/syn/stdmacros.dat'

WARNING:  User's Guide 'tmax_ug.pdf' missing or no read permission. Was expected at:
          '/eda/synopsys/2017-18/RHELx86/SYN_2017.09-SP3/doc/test/tmax/tmax_ug.pdf'

WARNING:  Test Pattern Validation Users Guide 'tpv_ug.pdf' missing or no read permission. Was expected at:
          '/eda/synopsys/2017-18/RHELx86/SYN_2017.09-SP3/doc/test/tpv_ug.pdf'

                                  TetraMAX(R) 


               Version N-2017.09-SP3 for linux64 - Jan 18, 2018  

                    Copyright (c) 1996 - 2018 Synopsys, Inc.
   This software and the associated documentation are proprietary to Synopsys,
 Inc. This software may only be used in accordance with the terms and conditions
 of a written license agreement with Synopsys, Inc. All other use, reproduction,
            or distribution of this software is strictly prohibited.


read netlist s5378_scan_netlist.v
 Begin reading netlist ( s5378_scan_netlist.v )...
 End parsing Verilog file s5378_scan_netlist.v with 0 errors.
 End reading netlist: #modules=277, top=s5378, #lines=2882, CPU_time=0.02 sec, Memory=1MB
read netlist $UMC_LIB/verilog_simulation_models/*.v
 Begin reading netlists ( $UMC_LIB/verilog_simulation_models/*.v )...
 End reading netlists: #files=506, #errors=0, #modules=433, top=NOR4M2D4, #lines=29130, CPU_time=0.26 sec, Memory=11MB
run build_model s5378
 ------------------------------------------------------------------------------
 Begin build model for topcut = s5378 ...
 ------------------------------------------------------------------------------
 There were 2275 primitives and 0 faultable pins removed during model optimizations
 Warning: Rule N21 (unsupported UDP entry) was violated 1 times.
 End build model: #primitives=1570, CPU_time=0.01 sec, Memory=1MB
 ------------------------------------------------------------------------------
 Begin learning analyses...
 End learning analyses, total learning CPU time=0.01 sec.
 ------------------------------------------------------------------------------
set drc s5378.spf
run drc
 ------------------------------------------------------------------------------
 Begin scan design rules checking...
 ------------------------------------------------------------------------------
 Begin reading test protocol file s5378.spf...
 End parsing STIL file s5378.spf with 0 errors.
 Test protocol file reading completed, CPU time=0.01 sec.
 ------------------------------------------------------------------------------
 Begin simulating test protocol procedures...
 Test protocol simulation completed, CPU time=0.00 sec.
 ------------------------------------------------------------------------------
 Begin scan chain operation checking...
 Chain 1 successfully traced with 179 scan_cells.
 Scan chain operation checking completed, CPU time=0.00 sec.
 ------------------------------------------------------------------------------
 Begin clock rules checking...
 Clock rules checking completed, CPU time=0.00 sec.
 Clock grouping results: #pairs=0, #groups=0, #serial_pairs=0, #disturbed_pairs=0, CPU time=0.00 sec.
 ------------------------------------------------------------------------------
 Begin nonscan rules checking...
 Nonscan cell summary: #DFF=0  #DLAT=0  #RAM_outs=0  tla_usage_type=none
 Nonscan rules checking completed, CPU time=0.00 sec.
 ------------------------------------------------------------------------------
 Begin DRC dependent learning...
 Fast-sequential depth results: control=0(0), observe=0(0), detect=0(0), CPU time=0.00 sec
 DRC dependent learning completed, CPU time=0.00 sec.
 ------------------------------------------------------------------------------
 DRC Summary Report
 ------------------------------------------------------------------------------
 No violations occurred during DRC process.
 Design rules checking was successful, total CPU time=0.01 sec.
 ------------------------------------------------------------------------------

add faults -all
 6564 faults were added to fault list.
set pattern external s5378.vec
 Error: Unrecognized external pattern file contents (M426)

TEST> 
TEST>  ATPG performed for stuck fault model using internal pattern source.
 ----------------------------------------------------------
 #patterns     #faults     #ATPG faults  test      process
 stored     detect/active  red/au/abort  coverage  CPU time
 ---------  -------------  ------------  --------  --------
 Begin deterministic ATPG: #uncollapsed_faults=5316, abort_limit=10...
 31           3712   1604         0/0/0    75.55%      0.01
 61            779    825         0/0/0    87.42%      0.01
 92            274    551         0/0/0    91.60%      0.02
 124           192    359         0/0/0    94.53%      0.02
 155           103    256         0/0/0    96.10%      0.02
 187            86    170         0/0/0    97.41%      0.03
 218            77     93         0/0/0    98.58%      0.03
 249            56     37         0/0/0    99.44%      0.03
 277            37      0         0/0/0   100.00%      0.04
 
     Uncollapsed Stuck Fault Summary Report
 -----------------------------------------------
 fault class                     code   #faults
 ------------------------------  ----  ---------
 Detected                         DT       6559
 Possibly detected                PT          0
 Undetectable                     UD          5
 ATPG untestable                  AU          0
 Not detected                     ND          0
 -----------------------------------------------
 total faults                              6564
 test coverage                           100.00%
 -----------------------------------------------
            Pattern Summary Report
 -----------------------------------------------
 #internal patterns                         277
     #basic_scan patterns                   277
 -----------------------------------------------

TEST>  277 patterns of possible 277 patterns were selected based on type.
 End writing file 's444_myvectors.v' with 277 patterns, File_size = 71040, CPU_time = 0.0 sec.

TEST>  End parsing binary file s444_myvectors.v with 0 errors.
 End reading 277 patterns, CPU_time = 0.00 sec, Memory = 0MB

TEST> 
TEST>  286          6564      0   100.00%      0.04

TEST>  Error: Invalid command "report summariesreport summaries". (M11)

TEST>      Uncollapsed Stuck Fault Summary Report
 -----------------------------------------------
 fault class                     code   #faults
 ------------------------------  ----  ---------
 Detected                         DT       6559
 Possibly detected                PT          0
 Undetectable                     UD          5
 ATPG untestable                  AU          0
 Not detected                     ND          0
 -----------------------------------------------
 total faults                              6564
 test coverage                           100.00%
 -----------------------------------------------
            Pattern Summary Report
 -----------------------------------------------
 #internal patterns                         277
     #basic_scan patterns                   277
 #external patterns (s444_myvectors.v)      277
     #basic_scan patterns                   277
 -----------------------------------------------

TEST> 